빌드 시작: 2012-12-13 오후 11:33:16
     1>2 노드의 "C:\Documents and Settings\Administrator\바탕 화면\웹프로그래밍 a반 새우치킨\웹프로그래밍 a반 새우치킨\웹프로그래밍 a반 새우치킨.vcxproj" 프로젝트(build 대상)입니다.
     1>PrepareForBuild:
         "C:\Documents and Settings\Administrator\바탕 화면\웹프로그래밍 a반 새우치킨\Release\" 디렉터리를 만들고 있습니다.
       InitializeBuildStatus:
         "AlwaysCreate"이(가) 지정되었기 때문에 "Release\웹프로그래밍 a반 새우치킨.unsuccessfulbuild"을(를) 만들고 있습니다.
       ClCompile:
         C:\Program Files\Microsoft Visual Studio 10.0\VC\bin\CL.exe /c /Zi /nologo /W3 /WX- /O2 /Oi /Oy- /GL /D WIN32 /D NDEBUG /D _CONSOLE /D _UNICODE /D UNICODE /Gm- /EHsc /MD /GS /Gy /fp:precise /Zc:wchar_t /Zc:forScope /Yc"StdAfx.h" /Fp"Release\웹프로그래밍 a반 새우치킨.pch" /Fo"Release\\" /Fd"Release\vc100.pdb" /Gd /TP /analyze- /errorReport:prompt stdafx.cpp
         stdafx.cpp
         C:\Program Files\Microsoft Visual Studio 10.0\VC\bin\CL.exe /c /Zi /nologo /W3 /WX- /O2 /Oi /Oy- /GL /D WIN32 /D NDEBUG /D _CONSOLE /D _UNICODE /D UNICODE /Gm- /EHsc /MD /GS /Gy /fp:precise /Zc:wchar_t /Zc:forScope /Yu"StdAfx.h" /Fp"Release\웹프로그래밍 a반 새우치킨.pch" /Fo"Release\\" /Fd"Release\vc100.pdb" /Gd /TP /analyze- /errorReport:prompt "웹프로그래밍 a반 새우치킨.cpp"
         웹프로그래밍 a반 새우치킨.cpp
     1>웹프로그래밍 a반 새우치킨.cpp(71): warning C4101: 'a' :참조되지 않은 지역 변수입니다.
     1>웹프로그래밍 a반 새우치킨.cpp(76): warning C4101: 'second' :참조되지 않은 지역 변수입니다.
     1>웹프로그래밍 a반 새우치킨.cpp(78): warning C4101: 'now' :참조되지 않은 지역 변수입니다.
     1>웹프로그래밍 a반 새우치킨.cpp(77): warning C4101: 'nsecond' :참조되지 않은 지역 변수입니다.
     1>웹프로그래밍 a반 새우치킨.cpp(357): warning C4996: 'getch': The POSIX name for this item is deprecated. Instead, use the ISO C++ conformant name: _getch. See online help for details.
                 C:\Program Files\Microsoft Visual Studio 10.0\VC\include\conio.h(128) : 'getch' 선언을 참조하십시오.
       Link:
         C:\Program Files\Microsoft Visual Studio 10.0\VC\bin\link.exe /ERRORREPORT:PROMPT /OUT:"C:\Documents and Settings\Administrator\바탕 화면\웹프로그래밍 a반 새우치킨\Release\웹프로그래밍 a반 새우치킨.exe" /INCREMENTAL:NO /NOLOGO kernel32.lib user32.lib gdi32.lib winspool.lib comdlg32.lib advapi32.lib shell32.lib ole32.lib oleaut32.lib uuid.lib odbc32.lib odbccp32.lib /MANIFEST /ManifestFile:"Release\웹프로그래밍 a반 새우치킨.exe.intermediate.manifest" /MANIFESTUAC:"level='asInvoker' uiAccess='false'" /DEBUG /PDB:"C:\Documents and Settings\Administrator\바탕 화면\웹프로그래밍 a반 새우치킨\Release\웹프로그래밍 a반 새우치킨.pdb" /SUBSYSTEM:CONSOLE /OPT:REF /OPT:ICF /LTCG /TLBID:1 /DYNAMICBASE /NXCOMPAT /IMPLIB:"C:\Documents and Settings\Administrator\바탕 화면\웹프로그래밍 a반 새우치킨\Release\웹프로그래밍 a반 새우치킨.lib" /MACHINE:X86 Release\stdafx.obj
         "Release\웹프로그래밍 a반 새우치킨.obj"
         코드를 생성하고 있습니다.
     1>c:\documents and settings\administrator\바탕 화면\웹프로그래밍 a반 새우치킨\웹프로그래밍 a반 새우치킨\웹프로그래밍 a반 새우치킨.cpp(388): warning C4715: 'display_dong' : 모든 제어 경로에서 값을 반환하지는 않습니다.
         코드를 생성했습니다.
         웹프로그래밍 a반 새우치킨.vcxproj -> C:\Documents and Settings\Administrator\바탕 화면\웹프로그래밍 a반 새우치킨\Release\웹프로그래밍 a반 새우치킨.exe
       Manifest:
         c:\Program Files\Microsoft SDKs\Windows\v7.0A\bin\mt.exe /nologo /verbose /outputresource:"C:\Documents and Settings\Administrator\바탕 화면\웹프로그래밍 a반 새우치킨\Release\웹프로그래밍 a반 새우치킨.exe;#1" /manifest "Release\웹프로그래밍 a반 새우치킨.exe.intermediate.manifest"
       FinalizeBuildStatus:
         "Release\웹프로그래밍 a반 새우치킨.unsuccessfulbuild" 파일을 삭제하고 있습니다.
         "Release\웹프로그래밍 a반 새우치킨.lastbuildstate"에 연결(touching)하고 있습니다.
     1>"C:\Documents and Settings\Administrator\바탕 화면\웹프로그래밍 a반 새우치킨\웹프로그래밍 a반 새우치킨\웹프로그래밍 a반 새우치킨.vcxproj" 프로젝트를 빌드했습니다(build 대상).

빌드했습니다.

경과 시간: 00:00:01.09
